<?xml version="1.0" encoding="UTF-8"?>
<!-- Generated by org.testng.reporters.JUnitReportReporter -->
<testsuite hostname="DESKTOP-N0192LD" failures="0" tests="1" name="testCase.InvalidLogin" time="3.752" errors="0" timestamp="2021-09-23T16:57:58 BDT" skipped="0">
  <testcase classname="testCase.InvalidLogin" name="invalidLogin" time="3.752"/>
  <system-out/>
</testsuite> <!-- testCase.InvalidLogin -->
