<?xml version="1.0" encoding="UTF-8"?>
<!-- Generated by org.testng.reporters.JUnitReportReporter -->
<testsuite hostname="DESKTOP-N0192LD" failures="0" tests="1" name="testCase.VerifyLogin" time="4.944" errors="0" timestamp="2021-09-23T18:01:41 BDT" skipped="0">
  <testcase classname="testCase.VerifyLogin" name="verifiedLogin" time="4.944"/>
  <system-out/>
</testsuite> <!-- testCase.VerifyLogin -->
